[2014-03-20 13:55:34,563][INFO ][node                     ] [Youp-Search-Node-Second] version[1.0.1], pid[6544], build[5c03844/2014-02-25T15:52:53Z]
[2014-03-20 13:55:34,564][INFO ][node                     ] [Youp-Search-Node-Second] initializing ...
[2014-03-20 13:55:34,569][INFO ][plugins                  ] [Youp-Search-Node-Second] loaded [], sites []
[2014-03-20 13:55:37,177][INFO ][node                     ] [Youp-Search-Node-Second] initialized
[2014-03-20 13:55:37,177][INFO ][node                     ] [Youp-Search-Node-Second] starting ...
[2014-03-20 13:55:37,287][INFO ][node                     ] [Youp-Search-Node-Second] stopping ...
[2014-03-20 13:55:37,289][INFO ][node                     ] [Youp-Search-Node-Second] stopped
[2014-03-20 13:55:37,289][INFO ][node                     ] [Youp-Search-Node-Second] closing ...
[2014-03-20 13:55:37,294][INFO ][node                     ] [Youp-Search-Node-Second] closed
[2014-03-20 13:56:16,658][INFO ][node                     ] [Youp-Search-Node-Second] version[1.0.1], pid[5544], build[5c03844/2014-02-25T15:52:53Z]
[2014-03-20 13:56:16,659][INFO ][node                     ] [Youp-Search-Node-Second] initializing ...
[2014-03-20 13:56:16,664][INFO ][plugins                  ] [Youp-Search-Node-Second] loaded [], sites []
[2014-03-20 13:56:19,147][INFO ][node                     ] [Youp-Search-Node-Second] initialized
[2014-03-20 13:56:19,148][INFO ][node                     ] [Youp-Search-Node-Second] starting ...
[2014-03-20 13:56:19,317][INFO ][transport                ] [Youp-Search-Node-Second] bound_address {inet[/0:0:0:0:0:0:0:0:9400]}, publish_address {inet[/192.168.1.32:9400]}
[2014-03-20 13:56:22,517][INFO ][cluster.service          ] [Youp-Search-Node-Second] detected_master [Youp-Search-Node-First][r1nydQzVRVOO0RubFsBfGg][kevin-PC][inet[/192.168.1.32:9300]], added {[Youp-Search-Node-First][r1nydQzVRVOO0RubFsBfGg][kevin-PC][inet[/192.168.1.32:9300]],}, reason: zen-disco-receive(from master [[Youp-Search-Node-First][r1nydQzVRVOO0RubFsBfGg][kevin-PC][inet[/192.168.1.32:9300]]])
[2014-03-20 13:56:22,661][INFO ][discovery                ] [Youp-Search-Node-Second] prayagcluster/1bxnGAIhS5OI42L0kWLGkA
[2014-03-20 13:56:22,674][INFO ][node                     ] [Youp-Search-Node-Second] stopping ...
[2014-03-20 13:56:22,702][INFO ][node                     ] [Youp-Search-Node-Second] stopped
[2014-03-20 13:56:22,702][INFO ][node                     ] [Youp-Search-Node-Second] closing ...
[2014-03-20 13:56:22,708][INFO ][node                     ] [Youp-Search-Node-Second] closed
