0 info it worked if it ends with ok
1 verbose cli [ 'c:\\Program Files\\nodejs\\node.exe',
1 verbose cli   'c:\\Program Files\\nodejs\\node_modules\\npm\\bin\\npm-cli.js',
1 verbose cli   'install',
1 verbose cli   'jquery.validate' ]
2 info using npm@1.3.14
3 info using node@v0.10.22
4 verbose cache add [ 'jquery.validate', null ]
5 verbose cache add name=undefined spec="jquery.validate" args=["jquery.validate",null]
6 verbose parsed url { protocol: null,
6 verbose parsed url   slashes: null,
6 verbose parsed url   auth: null,
6 verbose parsed url   host: null,
6 verbose parsed url   port: null,
6 verbose parsed url   hostname: null,
6 verbose parsed url   hash: null,
6 verbose parsed url   search: null,
6 verbose parsed url   query: null,
6 verbose parsed url   pathname: 'jquery.validate',
6 verbose parsed url   path: 'jquery.validate',
6 verbose parsed url   href: 'jquery.validate' }
7 silly lockFile 224e9321-jquery-validate jquery.validate
8 verbose lock jquery.validate C:\Users\Kevin\AppData\Roaming\npm-cache\224e9321-jquery-validate.lock
9 silly lockFile 224e9321-jquery-validate jquery.validate
10 silly lockFile 224e9321-jquery-validate jquery.validate
11 verbose addNamed [ 'jquery.validate', '' ]
12 verbose addNamed [ null, '*' ]
13 silly lockFile 2879b25c-jquery-validate jquery.validate@
14 verbose lock jquery.validate@ C:\Users\Kevin\AppData\Roaming\npm-cache\2879b25c-jquery-validate.lock
15 silly addNameRange { name: 'jquery.validate', range: '*', hasData: false }
16 verbose url raw jquery.validate
17 verbose url resolving [ 'https://registry.npmjs.org/', './jquery.validate' ]
18 verbose url resolved https://registry.npmjs.org/jquery.validate
19 info trying registry request attempt 1 at 14:04:58
20 http GET https://registry.npmjs.org/jquery.validate
21 http 404 https://registry.npmjs.org/jquery.validate
22 silly registry.get cb [ 404,
22 silly registry.get   { date: 'Sat, 08 Feb 2014 13:05:00 GMT',
22 silly registry.get     server: 'CouchDB/1.5.0 (Erlang OTP/R16B)',
22 silly registry.get     'content-type': 'application/json',
22 silly registry.get     via: '1.1 varnish',
22 silly registry.get     'cache-control': 'max-age=0',
22 silly registry.get     'content-length': '52',
22 silly registry.get     'accept-ranges': 'bytes',
22 silly registry.get     age: '0',
22 silly registry.get     'x-served-by': 'cache-v42-ASH, cache-fra1227-FRA',
22 silly registry.get     'x-cache': 'MISS, MISS',
22 silly registry.get     'x-cache-hits': '0, 0',
22 silly registry.get     'x-timer': 'S1391864700.148286104,VS0,VS45,VE134,VE188',
22 silly registry.get     'keep-alive': 'timeout=10, max=50',
22 silly registry.get     connection: 'Keep-Alive' } ]
23 silly lockFile 2879b25c-jquery-validate jquery.validate@
24 silly lockFile 2879b25c-jquery-validate jquery.validate@
25 error 404 'jquery.validate' is not in the npm registry.
25 error 404 You should bug the author to publish it
25 error 404
25 error 404 Note that you can also install from a
25 error 404 tarball, folder, or http url, or git url.
26 error System Windows_NT 6.2.9200
27 error command "c:\\Program Files\\nodejs\\node.exe" "c:\\Program Files\\nodejs\\node_modules\\npm\\bin\\npm-cli.js" "install" "jquery.validate"
28 error cwd g:\softwares\Net\TP_ASP_Online\ManageProductsAndCategories\Scripts
29 error node -v v0.10.22
30 error npm -v 1.3.14
31 error code E404
32 verbose exit [ 1, true ]
